{"/home/daniel/BIT/ProyectoSeccion2/controllers/UserController.js": {"path":"/home/daniel/BIT/ProyectoSeccion2/controllers/UserController.js","statementMap":{"0":{"start":{"line":7,"column":20},"end":{"line":7,"column":28}},"1":{"start":{"line":8,"column":2},"end":{"line":29,"column":3}},"2":{"start":{"line":9,"column":21},"end":{"line":9,"column":66}},"3":{"start":{"line":10,"column":4},"end":{"line":12,"column":5}},"4":{"start":{"line":11,"column":6},"end":{"line":11,"column":58}},"5":{"start":{"line":13,"column":20},"end":{"line":13,"column":79}},"6":{"start":{"line":14,"column":4},"end":{"line":14,"column":43}},"7":{"start":{"line":15,"column":4},"end":{"line":15,"column":42}},"8":{"start":{"line":16,"column":4},"end":{"line":16,"column":25}},"9":{"start":{"line":17,"column":4},"end":{"line":19,"column":5}},"10":{"start":{"line":18,"column":6},"end":{"line":18,"column":58}},"11":{"start":{"line":20,"column":20},"end":{"line":20,"column":39}},"12":{"start":{"line":21,"column":4},"end":{"line":21,"column":27}},"13":{"start":{"line":22,"column":17},"end":{"line":22,"column":29}},"14":{"start":{"line":24,"column":18},"end":{"line":24,"column":35}},"15":{"start":{"line":25,"column":4},"end":{"line":25,"column":38}},"16":{"start":{"line":27,"column":4},"end":{"line":27,"column":23}},"17":{"start":{"line":28,"column":4},"end":{"line":28,"column":57}},"18":{"start":{"line":34,"column":2},"end":{"line":40,"column":3}},"19":{"start":{"line":35,"column":17},"end":{"line":35,"column":53}},"20":{"start":{"line":36,"column":4},"end":{"line":36,"column":26}},"21":{"start":{"line":38,"column":4},"end":{"line":38,"column":23}},"22":{"start":{"line":39,"column":4},"end":{"line":39,"column":60}},"23":{"start":{"line":44,"column":2},"end":{"line":51,"column":3}},"24":{"start":{"line":45,"column":17},"end":{"line":45,"column":51}},"25":{"start":{"line":46,"column":4},"end":{"line":46,"column":26}},"26":{"start":{"line":48,"column":4},"end":{"line":48,"column":22}},"27":{"start":{"line":49,"column":4},"end":{"line":49,"column":23}},"28":{"start":{"line":50,"column":4},"end":{"line":50,"column":54}},"29":{"start":{"line":55,"column":4},"end":{"line":69,"column":5}},"30":{"start":{"line":57,"column":22},"end":{"line":63,"column":8}},"31":{"start":{"line":65,"column":6},"end":{"line":65,"column":43}},"32":{"start":{"line":67,"column":6},"end":{"line":67,"column":71}},"33":{"start":{"line":68,"column":6},"end":{"line":68,"column":69}},"34":{"start":{"line":74,"column":23},"end":{"line":74,"column":57}},"35":{"start":{"line":76,"column":2},"end":{"line":90,"column":3}},"36":{"start":{"line":77,"column":58},"end":{"line":77,"column":66}},"37":{"start":{"line":79,"column":4},"end":{"line":79,"column":62}},"38":{"start":{"line":80,"column":4},"end":{"line":80,"column":50}},"39":{"start":{"line":81,"column":4},"end":{"line":81,"column":62}},"40":{"start":{"line":82,"column":4},"end":{"line":82,"column":53}},"41":{"start":{"line":83,"column":4},"end":{"line":83,"column":62}},"42":{"start":{"line":85,"column":4},"end":{"line":85,"column":30}},"43":{"start":{"line":87,"column":4},"end":{"line":87,"column":54}},"44":{"start":{"line":89,"column":4},"end":{"line":89,"column":65}},"45":{"start":{"line":94,"column":2},"end":{"line":104,"column":3}},"46":{"start":{"line":96,"column":27},"end":{"line":96,"column":61}},"47":{"start":{"line":98,"column":6},"end":{"line":98,"column":42}},"48":{"start":{"line":99,"column":6},"end":{"line":99,"column":26}},"49":{"start":{"line":101,"column":6},"end":{"line":101,"column":52}},"50":{"start":{"line":103,"column":5},"end":{"line":103,"column":39}}},"fnMap":{"0":{"name":"login","decl":{"start":{"line":6,"column":15},"end":{"line":6,"column":20}},"loc":{"start":{"line":6,"column":31},"end":{"line":31,"column":1}},"line":6},"1":{"name":"getAll","decl":{"start":{"line":33,"column":15},"end":{"line":33,"column":21}},"loc":{"start":{"line":33,"column":32},"end":{"line":41,"column":1}},"line":33},"2":{"name":"getById","decl":{"start":{"line":43,"column":15},"end":{"line":43,"column":22}},"loc":{"start":{"line":43,"column":33},"end":{"line":52,"column":1}},"line":43},"3":{"name":"create","decl":{"start":{"line":54,"column":15},"end":{"line":54,"column":21}},"loc":{"start":{"line":54,"column":32},"end":{"line":70,"column":3}},"line":54},"4":{"name":"update","decl":{"start":{"line":73,"column":15},"end":{"line":73,"column":21}},"loc":{"start":{"line":73,"column":32},"end":{"line":91,"column":1}},"line":73},"5":{"name":"deleteUser","decl":{"start":{"line":93,"column":15},"end":{"line":93,"column":25}},"loc":{"start":{"line":93,"column":36},"end":{"line":105,"column":1}},"line":93}},"branchMap":{"0":{"loc":{"start":{"line":10,"column":4},"end":{"line":12,"column":5}},"type":"if","locations":[{"start":{"line":10,"column":4},"end":{"line":12,"column":5}},{"start":{},"end":{}}],"line":10},"1":{"loc":{"start":{"line":17,"column":4},"end":{"line":19,"column":5}},"type":"if","locations":[{"start":{"line":17,"column":4},"end":{"line":19,"column":5}},{"start":{},"end":{}}],"line":17},"2":{"loc":{"start":{"line":67,"column":18},"end":{"line":67,"column":69}},"type":"binary-expr","locations":[{"start":{"line":67,"column":18},"end":{"line":67,"column":31}},{"start":{"line":67,"column":35},"end":{"line":67,"column":69}}],"line":67},"3":{"loc":{"start":{"line":76,"column":2},"end":{"line":90,"column":3}},"type":"if","locations":[{"start":{"line":76,"column":2},"end":{"line":90,"column":3}},{"start":{"line":88,"column":9},"end":{"line":90,"column":3}}],"line":76},"4":{"loc":{"start":{"line":79,"column":28},"end":{"line":79,"column":61}},"type":"binary-expr","locations":[{"start":{"line":79,"column":28},"end":{"line":79,"column":36}},{"start":{"line":79,"column":40},"end":{"line":79,"column":61}}],"line":79},"5":{"loc":{"start":{"line":80,"column":24},"end":{"line":80,"column":49}},"type":"binary-expr","locations":[{"start":{"line":80,"column":24},"end":{"line":80,"column":28}},{"start":{"line":80,"column":32},"end":{"line":80,"column":49}}],"line":80},"6":{"loc":{"start":{"line":81,"column":28},"end":{"line":81,"column":61}},"type":"binary-expr","locations":[{"start":{"line":81,"column":28},"end":{"line":81,"column":36}},{"start":{"line":81,"column":40},"end":{"line":81,"column":61}}],"line":81},"7":{"loc":{"start":{"line":82,"column":25},"end":{"line":82,"column":52}},"type":"binary-expr","locations":[{"start":{"line":82,"column":25},"end":{"line":82,"column":30}},{"start":{"line":82,"column":34},"end":{"line":82,"column":52}}],"line":82},"8":{"loc":{"start":{"line":83,"column":28},"end":{"line":83,"column":61}},"type":"binary-expr","locations":[{"start":{"line":83,"column":28},"end":{"line":83,"column":36}},{"start":{"line":83,"column":40},"end":{"line":83,"column":61}}],"line":83}},"s":{"0":3,"1":3,"2":3,"3":3,"4":1,"5":2,"6":2,"7":2,"8":2,"9":2,"10":1,"11":1,"12":1,"13":1,"14":1,"15":1,"16":0,"17":0,"18":0,"19":0,"20":0,"21":0,"22":0,"23":0,"24":0,"25":0,"26":0,"27":0,"28":0,"29":0,"30":0,"31":0,"32":0,"33":0,"34":0,"35":0,"36":0,"37":0,"38":0,"39":0,"40":0,"41":0,"42":0,"43":0,"44":0,"45":0,"46":0,"47":0,"48":0,"49":0,"50":0},"f":{"0":3,"1":0,"2":0,"3":0,"4":0,"5":0},"b":{"0":[1,2],"1":[1,1],"2":[0,0],"3":[0,0],"4":[0,0],"5":[0,0],"6":[0,0],"7":[0,0],"8":[0,0]},"_coverageSchema":"1a1c01bbd47fc00a2c39e90264f33305004495a9","hash":"f848224add118eb1bb1803f667c1361daecdf662"}
,"/home/daniel/BIT/ProyectoSeccion2/controllers/admincontroller .js": {"path":"/home/daniel/BIT/ProyectoSeccion2/controllers/admincontroller .js","statementMap":{"0":{"start":{"line":6,"column":20},"end":{"line":6,"column":28}},"1":{"start":{"line":7,"column":2},"end":{"line":24,"column":3}},"2":{"start":{"line":8,"column":22},"end":{"line":8,"column":68}},"3":{"start":{"line":9,"column":20},"end":{"line":9,"column":80}},"4":{"start":{"line":10,"column":4},"end":{"line":10,"column":25}},"5":{"start":{"line":11,"column":4},"end":{"line":13,"column":5}},"6":{"start":{"line":12,"column":6},"end":{"line":12,"column":58}},"7":{"start":{"line":14,"column":20},"end":{"line":14,"column":40}},"8":{"start":{"line":15,"column":4},"end":{"line":15,"column":27}},"9":{"start":{"line":16,"column":17},"end":{"line":16,"column":29}},"10":{"start":{"line":18,"column":18},"end":{"line":18,"column":35}},"11":{"start":{"line":19,"column":4},"end":{"line":19,"column":38}},"12":{"start":{"line":21,"column":4},"end":{"line":21,"column":23}},"13":{"start":{"line":22,"column":4},"end":{"line":22,"column":62}},"14":{"start":{"line":34,"column":2},"end":{"line":40,"column":3}},"15":{"start":{"line":35,"column":18},"end":{"line":35,"column":55}},"16":{"start":{"line":36,"column":4},"end":{"line":36,"column":28}},"17":{"start":{"line":38,"column":4},"end":{"line":38,"column":23}},"18":{"start":{"line":39,"column":4},"end":{"line":39,"column":58}},"19":{"start":{"line":44,"column":2},"end":{"line":50,"column":3}},"20":{"start":{"line":45,"column":18},"end":{"line":45,"column":53}},"21":{"start":{"line":46,"column":4},"end":{"line":46,"column":27}},"22":{"start":{"line":48,"column":4},"end":{"line":48,"column":23}},"23":{"start":{"line":49,"column":4},"end":{"line":49,"column":55}},"24":{"start":{"line":54,"column":4},"end":{"line":68,"column":5}},"25":{"start":{"line":56,"column":23},"end":{"line":62,"column":8}},"26":{"start":{"line":64,"column":6},"end":{"line":64,"column":44}},"27":{"start":{"line":66,"column":6},"end":{"line":66,"column":69}},"28":{"start":{"line":67,"column":6},"end":{"line":67,"column":69}},"29":{"start":{"line":73,"column":24},"end":{"line":73,"column":59}},"30":{"start":{"line":75,"column":2},"end":{"line":89,"column":3}},"31":{"start":{"line":76,"column":58},"end":{"line":76,"column":66}},"32":{"start":{"line":78,"column":4},"end":{"line":78,"column":64}},"33":{"start":{"line":79,"column":4},"end":{"line":79,"column":52}},"34":{"start":{"line":80,"column":4},"end":{"line":80,"column":64}},"35":{"start":{"line":81,"column":4},"end":{"line":81,"column":55}},"36":{"start":{"line":82,"column":4},"end":{"line":82,"column":64}},"37":{"start":{"line":84,"column":4},"end":{"line":84,"column":31}},"38":{"start":{"line":86,"column":4},"end":{"line":86,"column":60}},"39":{"start":{"line":88,"column":4},"end":{"line":88,"column":71}},"40":{"start":{"line":93,"column":2},"end":{"line":103,"column":3}},"41":{"start":{"line":95,"column":28},"end":{"line":95,"column":63}},"42":{"start":{"line":97,"column":6},"end":{"line":97,"column":43}},"43":{"start":{"line":98,"column":6},"end":{"line":98,"column":27}},"44":{"start":{"line":100,"column":6},"end":{"line":100,"column":58}},"45":{"start":{"line":102,"column":5},"end":{"line":102,"column":38}}},"fnMap":{"0":{"name":"login","decl":{"start":{"line":5,"column":15},"end":{"line":5,"column":20}},"loc":{"start":{"line":5,"column":31},"end":{"line":28,"column":5}},"line":5},"1":{"name":"getAll","decl":{"start":{"line":33,"column":15},"end":{"line":33,"column":21}},"loc":{"start":{"line":33,"column":32},"end":{"line":41,"column":1}},"line":33},"2":{"name":"getById","decl":{"start":{"line":43,"column":15},"end":{"line":43,"column":22}},"loc":{"start":{"line":43,"column":33},"end":{"line":51,"column":1}},"line":43},"3":{"name":"create","decl":{"start":{"line":53,"column":15},"end":{"line":53,"column":21}},"loc":{"start":{"line":53,"column":32},"end":{"line":69,"column":3}},"line":53},"4":{"name":"update","decl":{"start":{"line":72,"column":15},"end":{"line":72,"column":21}},"loc":{"start":{"line":72,"column":32},"end":{"line":90,"column":1}},"line":72},"5":{"name":"deleteAdmin","decl":{"start":{"line":92,"column":15},"end":{"line":92,"column":26}},"loc":{"start":{"line":92,"column":37},"end":{"line":104,"column":1}},"line":92}},"branchMap":{"0":{"loc":{"start":{"line":11,"column":4},"end":{"line":13,"column":5}},"type":"if","locations":[{"start":{"line":11,"column":4},"end":{"line":13,"column":5}},{"start":{},"end":{}}],"line":11},"1":{"loc":{"start":{"line":66,"column":18},"end":{"line":66,"column":67}},"type":"binary-expr","locations":[{"start":{"line":66,"column":18},"end":{"line":66,"column":31}},{"start":{"line":66,"column":35},"end":{"line":66,"column":67}}],"line":66},"2":{"loc":{"start":{"line":75,"column":2},"end":{"line":89,"column":3}},"type":"if","locations":[{"start":{"line":75,"column":2},"end":{"line":89,"column":3}},{"start":{"line":87,"column":9},"end":{"line":89,"column":3}}],"line":75},"3":{"loc":{"start":{"line":78,"column":29},"end":{"line":78,"column":63}},"type":"binary-expr","locations":[{"start":{"line":78,"column":29},"end":{"line":78,"column":37}},{"start":{"line":78,"column":41},"end":{"line":78,"column":63}}],"line":78},"4":{"loc":{"start":{"line":79,"column":25},"end":{"line":79,"column":51}},"type":"binary-expr","locations":[{"start":{"line":79,"column":25},"end":{"line":79,"column":29}},{"start":{"line":79,"column":33},"end":{"line":79,"column":51}}],"line":79},"5":{"loc":{"start":{"line":80,"column":29},"end":{"line":80,"column":63}},"type":"binary-expr","locations":[{"start":{"line":80,"column":29},"end":{"line":80,"column":37}},{"start":{"line":80,"column":41},"end":{"line":80,"column":63}}],"line":80},"6":{"loc":{"start":{"line":81,"column":26},"end":{"line":81,"column":54}},"type":"binary-expr","locations":[{"start":{"line":81,"column":26},"end":{"line":81,"column":31}},{"start":{"line":81,"column":35},"end":{"line":81,"column":54}}],"line":81},"7":{"loc":{"start":{"line":82,"column":29},"end":{"line":82,"column":63}},"type":"binary-expr","locations":[{"start":{"line":82,"column":29},"end":{"line":82,"column":37}},{"start":{"line":82,"column":41},"end":{"line":82,"column":63}}],"line":82}},"s":{"0":3,"1":3,"2":3,"3":3,"4":2,"5":2,"6":1,"7":1,"8":1,"9":1,"10":1,"11":1,"12":1,"13":1,"14":2,"15":2,"16":1,"17":1,"18":1,"19":0,"20":0,"21":0,"22":0,"23":0,"24":2,"25":2,"26":1,"27":1,"28":1,"29":0,"30":0,"31":0,"32":0,"33":0,"34":0,"35":0,"36":0,"37":0,"38":0,"39":0,"40":1,"41":1,"42":0,"43":0,"44":0,"45":1},"f":{"0":3,"1":2,"2":0,"3":2,"4":0,"5":1},"b":{"0":[1,1],"1":[1,0],"2":[0,0],"3":[0,0],"4":[0,0],"5":[0,0],"6":[0,0],"7":[0,0]},"_coverageSchema":"1a1c01bbd47fc00a2c39e90264f33305004495a9","hash":"262c3ebb84447c97c0c47b9dbafcc8d161f1943d"}
,"/home/daniel/BIT/ProyectoSeccion2/controllers/locationController.js": {"path":"/home/daniel/BIT/ProyectoSeccion2/controllers/locationController.js","statementMap":{"0":{"start":{"line":5,"column":2},"end":{"line":11,"column":3}},"1":{"start":{"line":6,"column":22},"end":{"line":6,"column":62}},"2":{"start":{"line":7,"column":4},"end":{"line":7,"column":31}},"3":{"start":{"line":9,"column":4},"end":{"line":9,"column":23}},"4":{"start":{"line":10,"column":4},"end":{"line":10,"column":59}},"5":{"start":{"line":15,"column":2},"end":{"line":21,"column":3}},"6":{"start":{"line":16,"column":21},"end":{"line":16,"column":59}},"7":{"start":{"line":17,"column":4},"end":{"line":17,"column":30}},"8":{"start":{"line":19,"column":4},"end":{"line":19,"column":23}},"9":{"start":{"line":20,"column":4},"end":{"line":20,"column":59}},"10":{"start":{"line":25,"column":2},"end":{"line":36,"column":3}},"11":{"start":{"line":26,"column":24},"end":{"line":30,"column":6}},"12":{"start":{"line":31,"column":4},"end":{"line":31,"column":45}},"13":{"start":{"line":33,"column":25},"end":{"line":33,"column":103}},"14":{"start":{"line":34,"column":4},"end":{"line":34,"column":30}},"15":{"start":{"line":35,"column":4},"end":{"line":35,"column":56}},"16":{"start":{"line":40,"column":27},"end":{"line":40,"column":65}},"17":{"start":{"line":42,"column":2},"end":{"line":54,"column":3}},"18":{"start":{"line":43,"column":39},"end":{"line":43,"column":47}},"19":{"start":{"line":45,"column":4},"end":{"line":45,"column":58}},"20":{"start":{"line":46,"column":4},"end":{"line":46,"column":67}},"21":{"start":{"line":47,"column":4},"end":{"line":47,"column":67}},"22":{"start":{"line":49,"column":4},"end":{"line":49,"column":34}},"23":{"start":{"line":51,"column":4},"end":{"line":51,"column":56}},"24":{"start":{"line":53,"column":4},"end":{"line":53,"column":65}},"25":{"start":{"line":58,"column":2},"end":{"line":66,"column":3}},"26":{"start":{"line":59,"column":27},"end":{"line":59,"column":65}},"27":{"start":{"line":60,"column":4},"end":{"line":60,"column":42}},"28":{"start":{"line":61,"column":4},"end":{"line":61,"column":32}},"29":{"start":{"line":62,"column":4},"end":{"line":62,"column":49}},"30":{"start":{"line":64,"column":4},"end":{"line":64,"column":31}},"31":{"start":{"line":65,"column":4},"end":{"line":65,"column":59}}},"fnMap":{"0":{"name":"getAll","decl":{"start":{"line":4,"column":15},"end":{"line":4,"column":21}},"loc":{"start":{"line":4,"column":32},"end":{"line":12,"column":1}},"line":4},"1":{"name":"getById","decl":{"start":{"line":14,"column":15},"end":{"line":14,"column":22}},"loc":{"start":{"line":14,"column":33},"end":{"line":22,"column":1}},"line":14},"2":{"name":"create","decl":{"start":{"line":24,"column":15},"end":{"line":24,"column":21}},"loc":{"start":{"line":24,"column":32},"end":{"line":37,"column":1}},"line":24},"3":{"name":"update","decl":{"start":{"line":39,"column":15},"end":{"line":39,"column":21}},"loc":{"start":{"line":39,"column":32},"end":{"line":55,"column":1}},"line":39},"4":{"name":"destroy","decl":{"start":{"line":57,"column":15},"end":{"line":57,"column":22}},"loc":{"start":{"line":57,"column":33},"end":{"line":67,"column":1}},"line":57}},"branchMap":{"0":{"loc":{"start":{"line":33,"column":25},"end":{"line":33,"column":103}},"type":"binary-expr","locations":[{"start":{"line":33,"column":25},"end":{"line":33,"column":63}},{"start":{"line":33,"column":67},"end":{"line":33,"column":80}},{"start":{"line":33,"column":84},"end":{"line":33,"column":103}}],"line":33},"1":{"loc":{"start":{"line":42,"column":2},"end":{"line":54,"column":3}},"type":"if","locations":[{"start":{"line":42,"column":2},"end":{"line":54,"column":3}},{"start":{"line":52,"column":9},"end":{"line":54,"column":3}}],"line":42},"2":{"loc":{"start":{"line":45,"column":28},"end":{"line":45,"column":57}},"type":"binary-expr","locations":[{"start":{"line":45,"column":28},"end":{"line":45,"column":32}},{"start":{"line":45,"column":36},"end":{"line":45,"column":57}}],"line":45},"3":{"loc":{"start":{"line":46,"column":31},"end":{"line":46,"column":66}},"type":"binary-expr","locations":[{"start":{"line":46,"column":31},"end":{"line":46,"column":38}},{"start":{"line":46,"column":42},"end":{"line":46,"column":66}}],"line":46},"4":{"loc":{"start":{"line":47,"column":31},"end":{"line":47,"column":66}},"type":"binary-expr","locations":[{"start":{"line":47,"column":31},"end":{"line":47,"column":38}},{"start":{"line":47,"column":42},"end":{"line":47,"column":66}}],"line":47}},"s":{"0":2,"1":2,"2":1,"3":1,"4":1,"5":2,"6":2,"7":1,"8":1,"9":1,"10":2,"11":2,"12":1,"13":1,"14":1,"15":1,"16":2,"17":2,"18":1,"19":1,"20":1,"21":1,"22":1,"23":1,"24":1,"25":2,"26":2,"27":1,"28":1,"29":1,"30":1,"31":1},"f":{"0":2,"1":2,"2":2,"3":2,"4":2},"b":{"0":[1,1,0],"1":[1,1],"2":[1,0],"3":[1,1],"4":[1,1]},"_coverageSchema":"1a1c01bbd47fc00a2c39e90264f33305004495a9","hash":"c72f3fd9e3a9d94d67bc2b996e35ea4b5bbf8dc0"}
,"/home/daniel/BIT/ProyectoSeccion2/controllers/productController.js": {"path":"/home/daniel/BIT/ProyectoSeccion2/controllers/productController.js","statementMap":{"0":{"start":{"line":4,"column":2},"end":{"line":10,"column":3}},"1":{"start":{"line":5,"column":20},"end":{"line":5,"column":59}},"2":{"start":{"line":6,"column":4},"end":{"line":6,"column":29}},"3":{"start":{"line":8,"column":4},"end":{"line":8,"column":23}},"4":{"start":{"line":9,"column":4},"end":{"line":9,"column":58}},"5":{"start":{"line":17,"column":2},"end":{"line":34,"column":3}},"6":{"start":{"line":18,"column":23},"end":{"line":28,"column":6}},"7":{"start":{"line":30,"column":4},"end":{"line":30,"column":44}},"8":{"start":{"line":32,"column":4},"end":{"line":32,"column":70}},"9":{"start":{"line":33,"column":4},"end":{"line":33,"column":67}},"10":{"start":{"line":41,"column":2},"end":{"line":47,"column":3}},"11":{"start":{"line":42,"column":20},"end":{"line":42,"column":57}},"12":{"start":{"line":43,"column":4},"end":{"line":43,"column":29}},"13":{"start":{"line":45,"column":4},"end":{"line":45,"column":23}},"14":{"start":{"line":46,"column":4},"end":{"line":46,"column":58}},"15":{"start":{"line":51,"column":26},"end":{"line":51,"column":63}},"16":{"start":{"line":53,"column":2},"end":{"line":71,"column":3}},"17":{"start":{"line":54,"column":84},"end":{"line":54,"column":92}},"18":{"start":{"line":56,"column":4},"end":{"line":56,"column":56}},"19":{"start":{"line":57,"column":4},"end":{"line":57,"column":56}},"20":{"start":{"line":58,"column":4},"end":{"line":58,"column":59}},"21":{"start":{"line":59,"column":4},"end":{"line":59,"column":59}},"22":{"start":{"line":60,"column":4},"end":{"line":60,"column":68}},"23":{"start":{"line":61,"column":4},"end":{"line":61,"column":59}},"24":{"start":{"line":62,"column":4},"end":{"line":62,"column":53}},"25":{"start":{"line":63,"column":4},"end":{"line":63,"column":77}},"26":{"start":{"line":64,"column":4},"end":{"line":64,"column":62}},"27":{"start":{"line":66,"column":4},"end":{"line":66,"column":33}},"28":{"start":{"line":68,"column":4},"end":{"line":68,"column":55}},"29":{"start":{"line":70,"column":4},"end":{"line":70,"column":78}},"30":{"start":{"line":76,"column":2},"end":{"line":90,"column":3}},"31":{"start":{"line":77,"column":28},"end":{"line":77,"column":65}},"32":{"start":{"line":79,"column":4},"end":{"line":81,"column":5}},"33":{"start":{"line":80,"column":6},"end":{"line":80,"column":80}},"34":{"start":{"line":83,"column":4},"end":{"line":83,"column":43}},"35":{"start":{"line":84,"column":4},"end":{"line":84,"column":33}},"36":{"start":{"line":86,"column":4},"end":{"line":86,"column":51}},"37":{"start":{"line":88,"column":4},"end":{"line":88,"column":38}},"38":{"start":{"line":89,"column":4},"end":{"line":89,"column":62}}},"fnMap":{"0":{"name":"getAll","decl":{"start":{"line":3,"column":15},"end":{"line":3,"column":21}},"loc":{"start":{"line":3,"column":32},"end":{"line":11,"column":1}},"line":3},"1":{"name":"create","decl":{"start":{"line":16,"column":15},"end":{"line":16,"column":21}},"loc":{"start":{"line":16,"column":32},"end":{"line":35,"column":1}},"line":16},"2":{"name":"getById","decl":{"start":{"line":40,"column":15},"end":{"line":40,"column":22}},"loc":{"start":{"line":40,"column":33},"end":{"line":48,"column":1}},"line":40},"3":{"name":"update","decl":{"start":{"line":50,"column":15},"end":{"line":50,"column":21}},"loc":{"start":{"line":50,"column":32},"end":{"line":72,"column":1}},"line":50},"4":{"name":"deleteProduct","decl":{"start":{"line":75,"column":15},"end":{"line":75,"column":28}},"loc":{"start":{"line":75,"column":39},"end":{"line":91,"column":1}},"line":75}},"branchMap":{"0":{"loc":{"start":{"line":32,"column":16},"end":{"line":32,"column":68}},"type":"binary-expr","locations":[{"start":{"line":32,"column":16},"end":{"line":32,"column":29}},{"start":{"line":32,"column":33},"end":{"line":32,"column":68}}],"line":32},"1":{"loc":{"start":{"line":53,"column":2},"end":{"line":71,"column":3}},"type":"if","locations":[{"start":{"line":53,"column":2},"end":{"line":71,"column":3}},{"start":{"line":69,"column":9},"end":{"line":71,"column":3}}],"line":53},"2":{"loc":{"start":{"line":56,"column":27},"end":{"line":56,"column":55}},"type":"binary-expr","locations":[{"start":{"line":56,"column":27},"end":{"line":56,"column":31}},{"start":{"line":56,"column":35},"end":{"line":56,"column":55}}],"line":56},"3":{"loc":{"start":{"line":57,"column":27},"end":{"line":57,"column":55}},"type":"binary-expr","locations":[{"start":{"line":57,"column":27},"end":{"line":57,"column":31}},{"start":{"line":57,"column":35},"end":{"line":57,"column":55}}],"line":57},"4":{"loc":{"start":{"line":58,"column":28},"end":{"line":58,"column":58}},"type":"binary-expr","locations":[{"start":{"line":58,"column":28},"end":{"line":58,"column":33}},{"start":{"line":58,"column":37},"end":{"line":58,"column":58}}],"line":58},"5":{"loc":{"start":{"line":59,"column":28},"end":{"line":59,"column":58}},"type":"binary-expr","locations":[{"start":{"line":59,"column":28},"end":{"line":59,"column":33}},{"start":{"line":59,"column":37},"end":{"line":59,"column":58}}],"line":59},"6":{"loc":{"start":{"line":60,"column":31},"end":{"line":60,"column":67}},"type":"binary-expr","locations":[{"start":{"line":60,"column":31},"end":{"line":60,"column":39}},{"start":{"line":60,"column":43},"end":{"line":60,"column":67}}],"line":60},"7":{"loc":{"start":{"line":61,"column":28},"end":{"line":61,"column":58}},"type":"binary-expr","locations":[{"start":{"line":61,"column":28},"end":{"line":61,"column":33}},{"start":{"line":61,"column":37},"end":{"line":61,"column":58}}],"line":61},"8":{"loc":{"start":{"line":62,"column":26},"end":{"line":62,"column":52}},"type":"binary-expr","locations":[{"start":{"line":62,"column":26},"end":{"line":62,"column":29}},{"start":{"line":62,"column":33},"end":{"line":62,"column":52}}],"line":62},"9":{"loc":{"start":{"line":63,"column":34},"end":{"line":63,"column":76}},"type":"binary-expr","locations":[{"start":{"line":63,"column":34},"end":{"line":63,"column":45}},{"start":{"line":63,"column":49},"end":{"line":63,"column":76}}],"line":63},"10":{"loc":{"start":{"line":64,"column":29},"end":{"line":64,"column":61}},"type":"binary-expr","locations":[{"start":{"line":64,"column":29},"end":{"line":64,"column":35}},{"start":{"line":64,"column":39},"end":{"line":64,"column":61}}],"line":64},"11":{"loc":{"start":{"line":79,"column":4},"end":{"line":81,"column":5}},"type":"if","locations":[{"start":{"line":79,"column":4},"end":{"line":81,"column":5}},{"start":{},"end":{}}],"line":79}},"s":{"0":2,"1":2,"2":1,"3":1,"4":1,"5":2,"6":2,"7":1,"8":1,"9":1,"10":2,"11":2,"12":1,"13":1,"14":1,"15":2,"16":2,"17":1,"18":1,"19":1,"20":1,"21":1,"22":1,"23":1,"24":1,"25":1,"26":1,"27":1,"28":1,"29":1,"30":2,"31":2,"32":1,"33":0,"34":1,"35":1,"36":1,"37":1,"38":1},"f":{"0":2,"1":2,"2":2,"3":2,"4":2},"b":{"0":[1,0],"1":[1,1],"2":[1,0],"3":[1,1],"4":[1,1],"5":[1,1],"6":[1,1],"7":[1,1],"8":[1,1],"9":[1,1],"10":[1,1],"11":[0,1]},"_coverageSchema":"1a1c01bbd47fc00a2c39e90264f33305004495a9","hash":"ba9eaed7bb8f506b4f9db00c01e119f83ef49dfa"}
,"/home/daniel/BIT/ProyectoSeccion2/controllers/purchaseController.js": {"path":"/home/daniel/BIT/ProyectoSeccion2/controllers/purchaseController.js","statementMap":{"0":{"start":{"line":5,"column":2},"end":{"line":11,"column":3}},"1":{"start":{"line":6,"column":22},"end":{"line":6,"column":62}},"2":{"start":{"line":7,"column":4},"end":{"line":7,"column":31}},"3":{"start":{"line":9,"column":4},"end":{"line":9,"column":23}},"4":{"start":{"line":10,"column":4},"end":{"line":10,"column":55}},"5":{"start":{"line":16,"column":2},"end":{"line":30,"column":3}},"6":{"start":{"line":18,"column":24},"end":{"line":24,"column":6}},"7":{"start":{"line":20,"column":50},"end":{"line":23,"column":7}},"8":{"start":{"line":26,"column":4},"end":{"line":26,"column":45}},"9":{"start":{"line":28,"column":4},"end":{"line":28,"column":70}},"10":{"start":{"line":29,"column":4},"end":{"line":29,"column":67}},"11":{"start":{"line":35,"column":2},"end":{"line":41,"column":3}},"12":{"start":{"line":36,"column":21},"end":{"line":36,"column":59}},"13":{"start":{"line":37,"column":4},"end":{"line":37,"column":30}},"14":{"start":{"line":39,"column":4},"end":{"line":39,"column":23}},"15":{"start":{"line":40,"column":4},"end":{"line":40,"column":56}},"16":{"start":{"line":47,"column":22},"end":{"line":47,"column":60}},"17":{"start":{"line":49,"column":3},"end":{"line":62,"column":4}},"18":{"start":{"line":50,"column":51},"end":{"line":50,"column":59}},"19":{"start":{"line":52,"column":5},"end":{"line":52,"column":53}},"20":{"start":{"line":53,"column":5},"end":{"line":53,"column":65}},"21":{"start":{"line":54,"column":5},"end":{"line":54,"column":65}},"22":{"start":{"line":55,"column":5},"end":{"line":55,"column":59}},"23":{"start":{"line":57,"column":10},"end":{"line":57,"column":37}},"24":{"start":{"line":59,"column":5},"end":{"line":59,"column":53}},"25":{"start":{"line":61,"column":5},"end":{"line":61,"column":65}},"26":{"start":{"line":66,"column":2},"end":{"line":80,"column":3}},"27":{"start":{"line":67,"column":26},"end":{"line":67,"column":64}},"28":{"start":{"line":69,"column":4},"end":{"line":71,"column":5}},"29":{"start":{"line":70,"column":6},"end":{"line":70,"column":78}},"30":{"start":{"line":73,"column":4},"end":{"line":73,"column":41}},"31":{"start":{"line":74,"column":4},"end":{"line":74,"column":31}},"32":{"start":{"line":76,"column":4},"end":{"line":76,"column":48}},"33":{"start":{"line":78,"column":4},"end":{"line":78,"column":31}},"34":{"start":{"line":79,"column":4},"end":{"line":79,"column":62}}},"fnMap":{"0":{"name":"getAll","decl":{"start":{"line":4,"column":15},"end":{"line":4,"column":21}},"loc":{"start":{"line":4,"column":32},"end":{"line":12,"column":1}},"line":4},"1":{"name":"create","decl":{"start":{"line":15,"column":15},"end":{"line":15,"column":21}},"loc":{"start":{"line":15,"column":32},"end":{"line":31,"column":1}},"line":15},"2":{"name":"(anonymous_2)","decl":{"start":{"line":20,"column":38},"end":{"line":20,"column":39}},"loc":{"start":{"line":20,"column":50},"end":{"line":23,"column":7}},"line":20},"3":{"name":"getById","decl":{"start":{"line":34,"column":15},"end":{"line":34,"column":22}},"loc":{"start":{"line":34,"column":33},"end":{"line":42,"column":1}},"line":34},"4":{"name":"update","decl":{"start":{"line":46,"column":15},"end":{"line":46,"column":21}},"loc":{"start":{"line":46,"column":32},"end":{"line":63,"column":2}},"line":46},"5":{"name":"destroy","decl":{"start":{"line":65,"column":15},"end":{"line":65,"column":22}},"loc":{"start":{"line":65,"column":33},"end":{"line":81,"column":1}},"line":65}},"branchMap":{"0":{"loc":{"start":{"line":28,"column":16},"end":{"line":28,"column":68}},"type":"binary-expr","locations":[{"start":{"line":28,"column":16},"end":{"line":28,"column":29}},{"start":{"line":28,"column":33},"end":{"line":28,"column":68}}],"line":28},"1":{"loc":{"start":{"line":49,"column":3},"end":{"line":62,"column":4}},"type":"if","locations":[{"start":{"line":49,"column":3},"end":{"line":62,"column":4}},{"start":{"line":60,"column":10},"end":{"line":62,"column":4}}],"line":49},"2":{"loc":{"start":{"line":52,"column":26},"end":{"line":52,"column":52}},"type":"binary-expr","locations":[{"start":{"line":52,"column":26},"end":{"line":52,"column":30}},{"start":{"line":52,"column":34},"end":{"line":52,"column":52}}],"line":52},"3":{"loc":{"start":{"line":53,"column":30},"end":{"line":53,"column":64}},"type":"binary-expr","locations":[{"start":{"line":53,"column":30},"end":{"line":53,"column":38}},{"start":{"line":53,"column":42},"end":{"line":53,"column":64}}],"line":53},"4":{"loc":{"start":{"line":54,"column":30},"end":{"line":54,"column":64}},"type":"binary-expr","locations":[{"start":{"line":54,"column":30},"end":{"line":54,"column":38}},{"start":{"line":54,"column":42},"end":{"line":54,"column":64}}],"line":54},"5":{"loc":{"start":{"line":55,"column":28},"end":{"line":55,"column":58}},"type":"binary-expr","locations":[{"start":{"line":55,"column":28},"end":{"line":55,"column":34}},{"start":{"line":55,"column":38},"end":{"line":55,"column":58}}],"line":55},"6":{"loc":{"start":{"line":69,"column":4},"end":{"line":71,"column":5}},"type":"if","locations":[{"start":{"line":69,"column":4},"end":{"line":71,"column":5}},{"start":{},"end":{}}],"line":69}},"s":{"0":2,"1":2,"2":1,"3":1,"4":1,"5":2,"6":2,"7":2,"8":1,"9":1,"10":1,"11":2,"12":2,"13":1,"14":1,"15":1,"16":2,"17":2,"18":1,"19":1,"20":1,"21":1,"22":1,"23":1,"24":1,"25":1,"26":3,"27":3,"28":2,"29":1,"30":1,"31":1,"32":1,"33":1,"34":1},"f":{"0":2,"1":2,"2":2,"3":2,"4":2,"5":3},"b":{"0":[1,0],"1":[1,1],"2":[1,0],"3":[1,1],"4":[1,1],"5":[1,1],"6":[1,1]},"_coverageSchema":"1a1c01bbd47fc00a2c39e90264f33305004495a9","hash":"4366d3867c03d5b655d2ea114bbe7dc1d0cd964d"}
,"/home/daniel/BIT/ProyectoSeccion2/middleware/createToken.js": {"path":"/home/daniel/BIT/ProyectoSeccion2/middleware/createToken.js","statementMap":{"0":{"start":{"line":3,"column":18},"end":{"line":3,"column":30}},"1":{"start":{"line":6,"column":3},"end":{"line":6,"column":53}},"2":{"start":{"line":11,"column":22},"end":{"line":11,"column":50}},"3":{"start":{"line":12,"column":16},"end":{"line":12,"column":54}},"4":{"start":{"line":14,"column":2},"end":{"line":14,"column":89}},"5":{"start":{"line":14,"column":21},"end":{"line":14,"column":89}},"6":{"start":{"line":17,"column":2},"end":{"line":26,"column":5}},"7":{"start":{"line":18,"column":4},"end":{"line":20,"column":5}},"8":{"start":{"line":19,"column":6},"end":{"line":19,"column":66}},"9":{"start":{"line":22,"column":4},"end":{"line":22,"column":22}},"10":{"start":{"line":24,"column":4},"end":{"line":24,"column":20}},"11":{"start":{"line":25,"column":4},"end":{"line":25,"column":11}}},"fnMap":{"0":{"name":"CreateToken","decl":{"start":{"line":5,"column":16},"end":{"line":5,"column":27}},"loc":{"start":{"line":5,"column":33},"end":{"line":7,"column":1}},"line":5},"1":{"name":"validateToken","decl":{"start":{"line":10,"column":16},"end":{"line":10,"column":29}},"loc":{"start":{"line":10,"column":45},"end":{"line":27,"column":1}},"line":10},"2":{"name":"(anonymous_2)","decl":{"start":{"line":17,"column":31},"end":{"line":17,"column":32}},"loc":{"start":{"line":17,"column":46},"end":{"line":26,"column":3}},"line":17}},"branchMap":{"0":{"loc":{"start":{"line":12,"column":16},"end":{"line":12,"column":54}},"type":"binary-expr","locations":[{"start":{"line":12,"column":16},"end":{"line":12,"column":26}},{"start":{"line":12,"column":30},"end":{"line":12,"column":54}}],"line":12},"1":{"loc":{"start":{"line":14,"column":2},"end":{"line":14,"column":89}},"type":"if","locations":[{"start":{"line":14,"column":2},"end":{"line":14,"column":89}},{"start":{},"end":{}}],"line":14},"2":{"loc":{"start":{"line":18,"column":4},"end":{"line":20,"column":5}},"type":"if","locations":[{"start":{"line":18,"column":4},"end":{"line":20,"column":5}},{"start":{},"end":{}}],"line":18}},"s":{"0":2,"1":0,"2":0,"3":0,"4":0,"5":0,"6":0,"7":0,"8":0,"9":0,"10":0,"11":0},"f":{"0":0,"1":0,"2":0},"b":{"0":[0,0],"1":[0,0],"2":[0,0]},"_coverageSchema":"1a1c01bbd47fc00a2c39e90264f33305004495a9","hash":"b21f555396e24b0dbf1194252f0b9e5ef5a2c720"}
,"/home/daniel/BIT/ProyectoSeccion2/middleware/ecrypt.js": {"path":"/home/daniel/BIT/ProyectoSeccion2/middleware/ecrypt.js","statementMap":{"0":{"start":{"line":3,"column":24},"end":{"line":14,"column":1}},"1":{"start":{"line":4,"column":4},"end":{"line":6,"column":5}},"2":{"start":{"line":5,"column":8},"end":{"line":5,"column":22}},"3":{"start":{"line":7,"column":4},"end":{"line":13,"column":5}},"4":{"start":{"line":8,"column":21},"end":{"line":8,"column":45}},"5":{"start":{"line":9,"column":8},"end":{"line":9,"column":63}},"6":{"start":{"line":10,"column":8},"end":{"line":10,"column":15}},"7":{"start":{"line":12,"column":8},"end":{"line":12,"column":18}}},"fnMap":{"0":{"name":"(anonymous_0)","decl":{"start":{"line":3,"column":24},"end":{"line":3,"column":25}},"loc":{"start":{"line":3,"column":45},"end":{"line":14,"column":1}},"line":3}},"branchMap":{"0":{"loc":{"start":{"line":4,"column":4},"end":{"line":6,"column":5}},"type":"if","locations":[{"start":{"line":4,"column":4},"end":{"line":6,"column":5}},{"start":{},"end":{}}],"line":4}},"s":{"0":3,"1":0,"2":0,"3":0,"4":0,"5":0,"6":0,"7":0},"f":{"0":0},"b":{"0":[0,0]},"_coverageSchema":"1a1c01bbd47fc00a2c39e90264f33305004495a9","hash":"1405efd83bc971deeaebaeb78a23603378e01949"}
,"/home/daniel/BIT/ProyectoSeccion2/models/admin.js": {"path":"/home/daniel/BIT/ProyectoSeccion2/models/admin.js","statementMap":{"0":{"start":{"line":4,"column":20},"end":{"line":17,"column":1}},"1":{"start":{"line":19,"column":0},"end":{"line":19,"column":41}},"2":{"start":{"line":21,"column":14},"end":{"line":21,"column":50}}},"fnMap":{},"branchMap":{},"s":{"0":1,"1":1,"2":1},"f":{},"b":{},"_coverageSchema":"1a1c01bbd47fc00a2c39e90264f33305004495a9","hash":"f9598bbcc09062d069775c7adb1f1e10af739360"}
,"/home/daniel/BIT/ProyectoSeccion2/models/location.js": {"path":"/home/daniel/BIT/ProyectoSeccion2/models/location.js","statementMap":{"0":{"start":{"line":3,"column":23},"end":{"line":10,"column":1}},"1":{"start":{"line":11,"column":17},"end":{"line":11,"column":59}}},"fnMap":{},"branchMap":{},"s":{"0":1,"1":1},"f":{},"b":{},"_coverageSchema":"1a1c01bbd47fc00a2c39e90264f33305004495a9","hash":"22eca9d99048190d55ee625d696aa938415a5325"}
,"/home/daniel/BIT/ProyectoSeccion2/models/product.js": {"path":"/home/daniel/BIT/ProyectoSeccion2/models/product.js","statementMap":{"0":{"start":{"line":3,"column":22},"end":{"line":19,"column":1}},"1":{"start":{"line":21,"column":16},"end":{"line":21,"column":56}}},"fnMap":{},"branchMap":{},"s":{"0":1,"1":1},"f":{},"b":{},"_coverageSchema":"1a1c01bbd47fc00a2c39e90264f33305004495a9","hash":"31535a95f3d84d71c136db62ebd92eb7c52bffdd"}
,"/home/daniel/BIT/ProyectoSeccion2/models/user.js": {"path":"/home/daniel/BIT/ProyectoSeccion2/models/user.js","statementMap":{"0":{"start":{"line":4,"column":19},"end":{"line":17,"column":1}},"1":{"start":{"line":19,"column":0},"end":{"line":19,"column":40}},"2":{"start":{"line":21,"column":13},"end":{"line":21,"column":47}}},"fnMap":{},"branchMap":{},"s":{"0":2,"1":2,"2":2},"f":{},"b":{},"_coverageSchema":"1a1c01bbd47fc00a2c39e90264f33305004495a9","hash":"0a03d9ddd5bd9e1b78dc90fbd442e71c9f1bced8"}
}
