TN:
SF:controllers/UserController.js
FN:6,login
FN:33,getAll
FN:43,getById
FN:54,create
FN:73,update
FN:93,deleteUser
FNF:6
FNH:6
FNDA:4,login
FNDA:2,getAll
FNDA:2,getById
FNDA:2,create
FNDA:2,update
FNDA:1,deleteUser
DA:7,4
DA:8,4
DA:9,4
DA:10,3
DA:11,1
DA:13,2
DA:14,2
DA:15,2
DA:16,2
DA:17,2
DA:18,1
DA:20,1
DA:21,1
DA:22,1
DA:24,1
DA:25,1
DA:27,1
DA:28,1
DA:34,2
DA:35,2
DA:36,1
DA:38,1
DA:39,1
DA:44,2
DA:45,2
DA:46,1
DA:48,1
DA:49,1
DA:50,1
DA:55,2
DA:57,2
DA:65,1
DA:67,1
DA:68,1
DA:74,2
DA:76,2
DA:77,1
DA:79,1
DA:80,1
DA:81,1
DA:82,1
DA:83,1
DA:85,1
DA:87,1
DA:89,1
DA:94,1
DA:96,1
DA:98,1
DA:99,1
DA:101,1
DA:103,0
LF:51
LH:50
BRDA:10,0,0,1
BRDA:10,0,1,2
BRDA:17,1,0,1
BRDA:17,1,1,1
BRDA:67,2,0,1
BRDA:67,2,1,0
BRDA:76,3,0,1
BRDA:76,3,1,1
BRDA:79,4,0,1
BRDA:79,4,1,1
BRDA:80,5,0,1
BRDA:80,5,1,0
BRDA:81,6,0,1
BRDA:81,6,1,1
BRDA:82,7,0,1
BRDA:82,7,1,1
BRDA:83,8,0,1
BRDA:83,8,1,1
BRF:18
BRH:16
end_of_record
TN:
SF:controllers/admincontroller.js
FN:5,login
FN:33,getAll
FN:43,getById
FN:53,create
FN:72,update
FN:92,deleteAdmin
FNF:6
FNH:6
FNDA:6,login
FNDA:4,getAll
FNDA:4,getById
FNDA:4,create
FNDA:4,update
FNDA:2,deleteAdmin
DA:6,6
DA:7,6
DA:8,6
DA:9,4
DA:10,4
DA:11,4
DA:12,2
DA:14,2
DA:15,2
DA:16,2
DA:18,2
DA:19,2
DA:21,2
DA:22,2
DA:34,4
DA:35,4
DA:36,2
DA:38,2
DA:39,2
DA:44,4
DA:45,4
DA:46,2
DA:48,2
DA:49,2
DA:54,4
DA:56,4
DA:64,2
DA:66,2
DA:67,2
DA:73,4
DA:75,4
DA:76,2
DA:78,2
DA:79,2
DA:80,2
DA:81,2
DA:82,2
DA:84,2
DA:86,2
DA:88,2
DA:93,2
DA:95,2
DA:97,2
DA:98,2
DA:100,2
DA:102,0
LF:46
LH:45
BRDA:11,0,0,2
BRDA:11,0,1,2
BRDA:66,1,0,2
BRDA:66,1,1,0
BRDA:75,2,0,2
BRDA:75,2,1,2
BRDA:78,3,0,2
BRDA:78,3,1,2
BRDA:79,4,0,2
BRDA:79,4,1,0
BRDA:80,5,0,2
BRDA:80,5,1,2
BRDA:81,6,0,2
BRDA:81,6,1,2
BRDA:82,7,0,2
BRDA:82,7,1,0
BRF:16
BRH:13
end_of_record
TN:
SF:controllers/locationController.js
FN:4,getAll
FN:14,getById
FN:24,create
FN:39,update
FN:57,destroy
FNF:5
FNH:5
FNDA:2,getAll
FNDA:2,getById
FNDA:2,create
FNDA:2,update
FNDA:2,destroy
DA:5,2
DA:6,2
DA:7,1
DA:9,1
DA:10,1
DA:15,2
DA:16,2
DA:17,1
DA:19,1
DA:20,1
DA:25,2
DA:26,2
DA:31,1
DA:33,1
DA:34,1
DA:35,1
DA:40,2
DA:42,2
DA:43,1
DA:45,1
DA:46,1
DA:47,1
DA:49,1
DA:51,1
DA:53,1
DA:58,2
DA:59,2
DA:60,1
DA:61,1
DA:62,1
DA:64,1
DA:65,1
LF:32
LH:32
BRDA:33,0,0,1
BRDA:33,0,1,1
BRDA:33,0,2,0
BRDA:42,1,0,1
BRDA:42,1,1,1
BRDA:45,2,0,1
BRDA:45,2,1,0
BRDA:46,3,0,1
BRDA:46,3,1,1
BRDA:47,4,0,1
BRDA:47,4,1,1
BRF:11
BRH:9
end_of_record
TN:
SF:controllers/productController.js
FN:3,getAll
FN:16,create
FN:40,getById
FN:50,update
FN:75,deleteProduct
FNF:5
FNH:5
FNDA:2,getAll
FNDA:2,create
FNDA:2,getById
FNDA:2,update
FNDA:2,deleteProduct
DA:4,2
DA:5,2
DA:6,1
DA:8,1
DA:9,1
DA:17,2
DA:18,2
DA:30,1
DA:32,1
DA:33,1
DA:41,2
DA:42,2
DA:43,1
DA:45,1
DA:46,1
DA:51,2
DA:53,2
DA:54,1
DA:56,1
DA:57,1
DA:58,1
DA:59,1
DA:60,1
DA:61,1
DA:62,1
DA:63,1
DA:64,1
DA:66,1
DA:68,1
DA:70,1
DA:76,2
DA:77,2
DA:79,1
DA:80,0
DA:83,1
DA:84,1
DA:86,1
DA:88,1
DA:89,1
LF:39
LH:38
BRDA:32,0,0,1
BRDA:32,0,1,0
BRDA:53,1,0,1
BRDA:53,1,1,1
BRDA:56,2,0,1
BRDA:56,2,1,0
BRDA:57,3,0,1
BRDA:57,3,1,1
BRDA:58,4,0,1
BRDA:58,4,1,1
BRDA:59,5,0,1
BRDA:59,5,1,1
BRDA:60,6,0,1
BRDA:60,6,1,1
BRDA:61,7,0,1
BRDA:61,7,1,1
BRDA:62,8,0,1
BRDA:62,8,1,1
BRDA:63,9,0,1
BRDA:63,9,1,1
BRDA:64,10,0,1
BRDA:64,10,1,1
BRDA:79,11,0,0
BRDA:79,11,1,1
BRF:24
BRH:21
end_of_record
TN:
SF:controllers/purchaseController.js
FN:4,getAll
FN:15,create
FN:20,(anonymous_2)
FN:34,getById
FN:46,update
FN:65,destroy
FNF:6
FNH:6
FNDA:2,getAll
FNDA:2,create
FNDA:1,(anonymous_2)
FNDA:2,getById
FNDA:2,update
FNDA:3,destroy
DA:5,2
DA:6,2
DA:7,1
DA:9,1
DA:10,1
DA:16,2
DA:18,2
DA:20,1
DA:26,1
DA:28,1
DA:29,1
DA:35,2
DA:36,2
DA:37,1
DA:39,1
DA:40,1
DA:47,2
DA:49,2
DA:50,1
DA:52,1
DA:53,1
DA:54,1
DA:55,1
DA:57,1
DA:59,1
DA:61,1
DA:66,3
DA:67,3
DA:69,2
DA:70,1
DA:73,1
DA:74,1
DA:76,1
DA:78,1
DA:79,1
LF:35
LH:35
BRDA:28,0,0,1
BRDA:28,0,1,0
BRDA:49,1,0,1
BRDA:49,1,1,1
BRDA:52,2,0,1
BRDA:52,2,1,0
BRDA:53,3,0,1
BRDA:53,3,1,1
BRDA:54,4,0,1
BRDA:54,4,1,1
BRDA:55,5,0,1
BRDA:55,5,1,1
BRDA:69,6,0,1
BRDA:69,6,1,1
BRF:14
BRH:12
end_of_record
TN:
SF:middleware/ecrypt.js
FN:3,(anonymous_0)
FNF:1
FNH:1
FNDA:3,(anonymous_0)
DA:3,6
DA:4,3
DA:5,1
DA:7,2
DA:8,2
DA:9,1
DA:10,1
DA:12,1
LF:8
LH:8
BRDA:4,0,0,1
BRDA:4,0,1,2
BRF:2
BRH:2
end_of_record
TN:
SF:models/admin.js
FNF:0
FNH:0
DA:4,2
DA:19,2
DA:21,2
LF:3
LH:3
BRF:0
BRH:0
end_of_record
TN:
SF:models/location.js
FNF:0
FNH:0
DA:3,1
DA:11,1
LF:2
LH:2
BRF:0
BRH:0
end_of_record
TN:
SF:models/product.js
FNF:0
FNH:0
DA:3,1
DA:21,1
LF:2
LH:2
BRF:0
BRH:0
end_of_record
TN:
SF:models/purchaseOrden.js
FNF:0
FNH:0
DA:3,1
DA:28,1
DA:31,1
DA:32,1
LF:4
LH:4
BRF:0
BRH:0
end_of_record
TN:
SF:models/user.js
FNF:0
FNH:0
DA:4,3
DA:19,3
DA:21,3
LF:3
LH:3
BRF:0
BRH:0
end_of_record
